[2021-10-28 09:31:45] [ ERROR] [Log4J:26] Não foi possível conectar: 
Cannot load connection class because of underlying exception: com.mysql.cj.exceptions.WrongArgumentException: Malformed database URL, failed to parse the connection string near '@perAndrade22'.
[2021-10-28 09:33:26] [ ERROR] [Log4J:24] Não foi possível conectar: 
Unknown database 'tes1t'
[2021-10-28 09:34:44] [ ERROR] [Log4J:32] Erro de sql: You have an error in your SQL syntax; check the manual that corresponds to your MySQL server version for the right syntax to use near ''animal'(
animal_id	int not null auto_increment,
animal_name	varchar(100) not nu' at line 1
[2021-10-28 09:35:23] [ ERROR] [Log4J:32] Erro de sql: You have an error in your SQL syntax; check the manual that corresponds to your MySQL server version for the right syntax to use near ''animal'(
animal_id int not null auto_increment,
animal_name varchar(100) not nu' at line 1
[2021-10-28 09:37:48] [ ERROR] [Log4J:31] Erro de sql: You have an error in your SQL syntax; check the manual that corresponds to your MySQL server version for the right syntax to use near ''animal'(animal_id int not null auto_increment,animal_name varchar(100) not null' at line 1
[2021-10-28 09:38:25] [ ERROR] [Log4J:31] Erro de sql: You have an error in your SQL syntax; check the manual that corresponds to your MySQL server version for the right syntax to use near '' at line 1
[2021-10-28 09:39:21] [ ERROR] [Log4J:31] Erro de sql: You have an error in your SQL syntax; check the manual that corresponds to your MySQL server version for the right syntax to use near 'animal(animal_id int not null auto_increment,animal_name varchar(100) not null,a' at line 1
[2021-10-28 09:39:36] [ ERROR] [Log4J:31] Erro de sql: You have an error in your SQL syntax; check the manual that corresponds to your MySQL server version for the right syntax to use near '' at line 1
[2021-10-29 13:22:41] [ ERROR] [Log4J:69] Erro de sql: You have an error in your SQL syntax; check the manual that corresponds to your MySQL server version for the right syntax to use near '(null,"Banguela","Gato"),
(null,"Miya","Gato"),
(null,"Ryuk","Gato")' at line 4
[2021-10-29 13:23:28] [ ERROR] [Log4J:69] Erro de sql: You have an error in your SQL syntax; check the manual that corresponds to your MySQL server version for the right syntax to use near '(null,"Banguela","Gato"),
(null,"Miya","Gato"),
(null,"Ryuk","Gato")' at line 4
[2021-10-29 13:23:44] [ ERROR] [Log4J:69] Erro de sql: You have an error in your SQL syntax; check the manual that corresponds to your MySQL server version for the right syntax to use near '(null,"Banguela","Gato"),
(null,"Miya","Gato"),
(null,"Ryuk","Gato")' at line 4
[2021-10-29 13:24:21] [ ERROR] [Log4J:40] Erro de SQL: 
You have an error in your SQL syntax; check the manual that corresponds to your MySQL server version for the right syntax to use near ''employee' ('employee_id not null auto_increment,employee_name varchar(255),prim' at line 1
[2021-10-29 13:24:21] [ ERROR] [Log4J:58] Erro de SQL: 
You have an error in your SQL syntax; check the manual that corresponds to your MySQL server version for the right syntax to use near ''employee' '(1,''Matheus''),3,''Chucre''),4,''Andrade'')'' at line 1
[2021-10-29 13:24:21] [ ERROR] [Log4J:58] Erro de SQL: 
You have an error in your SQL syntax; check the manual that corresponds to your MySQL server version for the right syntax to use near ''employee' '(1,Monteiro)'' at line 1
[2021-10-29 13:24:21] [ ERROR] [Log4J:58] Erro de SQL: 
You have an error in your SQL syntax; check the manual that corresponds to your MySQL server version for the right syntax to use near ''employee' '(2,Monteiro)'' at line 1
[2021-10-29 13:24:21] [ ERROR] [Log4J:92] Erro de SQL: 
Table 'test1.employee' doesn't exist
[2021-10-29 13:24:21] [ ERROR] [Log4J:92] Erro de SQL: 
Table 'test1.employee' doesn't exist
[2021-10-29 13:25:46] [ ERROR] [Log4J:40] Erro de SQL: 
You have an error in your SQL syntax; check the manual that corresponds to your MySQL server version for the right syntax to use near ''employee' ('employee_id not null auto_increment,employee_name varchar(255),prim' at line 1
[2021-10-29 13:25:46] [ ERROR] [Log4J:58] Erro de SQL: 
You have an error in your SQL syntax; check the manual that corresponds to your MySQL server version for the right syntax to use near ''employee' '(1,''Matheus''),3,''Chucre''),4,''Andrade'')'' at line 1
[2021-10-29 13:25:46] [ ERROR] [Log4J:58] Erro de SQL: 
You have an error in your SQL syntax; check the manual that corresponds to your MySQL server version for the right syntax to use near ''employee' '(1,Monteiro)'' at line 1
[2021-10-29 13:25:46] [ ERROR] [Log4J:58] Erro de SQL: 
You have an error in your SQL syntax; check the manual that corresponds to your MySQL server version for the right syntax to use near ''employee' '(2,Monteiro)'' at line 1
[2021-10-29 13:25:46] [ ERROR] [Log4J:92] Erro de SQL: 
Table 'test1.employee' doesn't exist
[2021-10-29 13:25:46] [ ERROR] [Log4J:92] Erro de SQL: 
Table 'test1.employee' doesn't exist
[2021-10-29 13:30:37] [ ERROR] [Log4J:41] Erro de SQL: 
Parameter index out of range (1 > number of parameters, which is 0).
[2021-10-29 13:30:37] [ ERROR] [Log4J:59] Erro de SQL: 
You have an error in your SQL syntax; check the manual that corresponds to your MySQL server version for the right syntax to use near ''employee' '(1,''Matheus''),3,''Chucre''),4,''Andrade'')'' at line 1
[2021-10-29 13:30:37] [ ERROR] [Log4J:59] Erro de SQL: 
You have an error in your SQL syntax; check the manual that corresponds to your MySQL server version for the right syntax to use near ''employee' '(1,Monteiro)'' at line 1
[2021-10-29 13:30:37] [ ERROR] [Log4J:59] Erro de SQL: 
You have an error in your SQL syntax; check the manual that corresponds to your MySQL server version for the right syntax to use near ''employee' '(2,Monteiro)'' at line 1
[2021-10-29 13:30:37] [ ERROR] [Log4J:93] Erro de SQL: 
Table 'test1.employee' doesn't exist
[2021-10-29 13:30:37] [ ERROR] [Log4J:93] Erro de SQL: 
Table 'test1.employee' doesn't exist
[2021-10-29 13:30:57] [ ERROR] [Log4J:39] Erro de SQL: 
You have an error in your SQL syntax; check the manual that corresponds to your MySQL server version for the right syntax to use near 'not null auto_increment,employee_name varchar(255),primary key(employee_id))' at line 1
[2021-10-29 13:30:57] [ ERROR] [Log4J:57] Erro de SQL: 
You have an error in your SQL syntax; check the manual that corresponds to your MySQL server version for the right syntax to use near ''employee' '(1,''Matheus''),3,''Chucre''),4,''Andrade'')'' at line 1
[2021-10-29 13:30:57] [ ERROR] [Log4J:57] Erro de SQL: 
You have an error in your SQL syntax; check the manual that corresponds to your MySQL server version for the right syntax to use near ''employee' '(1,Monteiro)'' at line 1
[2021-10-29 13:30:57] [ ERROR] [Log4J:57] Erro de SQL: 
You have an error in your SQL syntax; check the manual that corresponds to your MySQL server version for the right syntax to use near ''employee' '(2,Monteiro)'' at line 1
[2021-10-29 13:30:57] [ ERROR] [Log4J:91] Erro de SQL: 
Table 'test1.employee' doesn't exist
[2021-10-29 13:30:57] [ ERROR] [Log4J:91] Erro de SQL: 
Table 'test1.employee' doesn't exist
[2021-10-29 13:31:21] [ ERROR] [Log4J:57] Erro de SQL: 
You have an error in your SQL syntax; check the manual that corresponds to your MySQL server version for the right syntax to use near ''employee' '(1,''Matheus''),3,''Chucre''),4,''Andrade'')'' at line 1
[2021-10-29 13:31:21] [ ERROR] [Log4J:57] Erro de SQL: 
You have an error in your SQL syntax; check the manual that corresponds to your MySQL server version for the right syntax to use near ''employee' '(1,Monteiro)'' at line 1
[2021-10-29 13:31:21] [ ERROR] [Log4J:57] Erro de SQL: 
You have an error in your SQL syntax; check the manual that corresponds to your MySQL server version for the right syntax to use near ''employee' '(2,Monteiro)'' at line 1
[2021-10-29 13:31:21] [ ERROR] [Log4J:82] Erro de SQL: 
You have an error in your SQL syntax; check the manual that corresponds to your MySQL server version for the right syntax to use near ''employee' WHERE 'employee_id = 2'' at line 1
[2021-10-29 13:31:21] [ ERROR] [Log4J:82] Erro de SQL: 
You have an error in your SQL syntax; check the manual that corresponds to your MySQL server version for the right syntax to use near ''employee' WHERE 'employee_id = 3'' at line 1
[2021-10-29 13:51:31] [ ERROR] [Log4J:40] Table 'employee' already exists
[2021-10-29 13:52:49] [ ERROR] [Log4J:40] Duplicate entry '1' for key 'employee.PRIMARY'
[2021-10-29 13:53:46] [ ERROR] [Log4J:40] Duplicate entry '1' for key 'employee.PRIMARY'
[2021-10-29 13:53:46] [ INFO ] [Log4J:70] 1 dRb
[2021-10-29 13:54:38] [ ERROR] [Log4J:40] Duplicate entry '1' for key 'employee.PRIMARY'
[2021-10-29 13:54:38] [ INFO ] [Log4J:70] 1 dRb
[2021-10-29 13:58:24] [ ERROR] [Log4J:40] Duplicate entry '1' for key 'employee.PRIMARY'
[2021-10-29 13:58:48] [ ERROR] [Log4J:40] Duplicate entry '1' for key 'employee.PRIMARY'
[2021-10-29 14:00:53] [ ERROR] [Log4J:40] Duplicate entry '1' for key 'employee.PRIMARY'
[2021-10-29 14:00:53] [ INFO ] [Log4J:52] 1 dRb
[2021-10-29 14:02:15] [ ERROR] [Log4J:44] Duplicate entry '1' for key 'employee.PRIMARY'
[2021-10-29 14:02:15] [ INFO ] [Log4J:56] 1 dRb
[2021-10-29 14:02:15] [ INFO ] [Log4J:62] 4 Andrade
[2021-10-29 14:02:15] [ INFO ] [Log4J:72] 3 Andrade
[2021-10-29 14:03:16] [ ERROR] [Log4J:44] Duplicate entry '1' for key 'employee.PRIMARY'
[2021-10-29 14:03:16] [ INFO ] [Log4J:56] 1 dRb
[2021-10-29 14:03:16] [ INFO ] [Log4J:62] 4 Andrade
[2021-10-29 14:03:16] [ INFO ] [Log4J:72] 3 Chucre
[2021-11-04 09:45:44] [ ERROR] [Log4J:44] Duplicate entry '1' for key 'employee.PRIMARY'
[2021-11-04 09:45:44] [ INFO ] [Log4J:56] 1 dRb
[2021-11-04 09:45:44] [ INFO ] [Log4J:62] 4 Andrade
[2021-11-04 09:45:45] [ INFO ] [Log4J:72] 3 Chucre
